678  [background-preinit] INFO  o.h.validator.internal.util.Version
                – HV000001: Hibernate Validator 8.0.0.Final
719  [restartedMain] INFO  c.example.java_18.Java18Application
                – Starting Java18Application using Java 17.0.7 with PID 13272 (C:\Users\gemmi\IdeaProjects\Java_18\build\classes\java\main started by gemmi in C:\Users\gemmi\IdeaProjects\Java_18)
721  [restartedMain] INFO  c.example.java_18.Java18Application
                – No active profile set, falling back to 1 default profile: "default"
762  [restartedMain] INFO  o.s.b.d.e.DevToolsPropertyDefaultsPostProcessor
                – Devtools property defaults active! Set 'spring.devtools.add-properties' to 'false' to disable
762  [restartedMain] INFO  o.s.b.d.e.DevToolsPropertyDefaultsPostProcessor
                – For additional web related logging consider setting the 'logging.level.web' property to 'DEBUG'
1471 [restartedMain] INFO  o.s.d.r.c.RepositoryConfigurationDelegate
                – Bootstrapping Spring Data JPA repositories in DEFAULT mode.
1521 [restartedMain] INFO  o.s.d.r.c.RepositoryConfigurationDelegate
                – Finished Spring Data repository scanning in 43 ms. Found 2 JPA repository interfaces.
2526 [restartedMain] INFO  o.s.b.w.e.tomcat.TomcatWebServer
                – Tomcat initialized with port(s): 8080 (http)
2536 [restartedMain] INFO  o.a.coyote.http11.Http11NioProtocol
                – Initializing ProtocolHandler ["http-nio-8080"]
2537 [restartedMain] INFO  o.a.catalina.core.StandardService
                – Starting service [Tomcat]
2537 [restartedMain] INFO  o.a.catalina.core.StandardEngine
                – Starting Servlet engine: [Apache Tomcat/10.1.8]
2602 [restartedMain] INFO  o.a.c.c.C.[Tomcat].[localhost].[/]
                – Initializing Spring embedded WebApplicationContext
2602 [restartedMain] INFO  o.s.b.w.s.c.ServletWebServerApplicationContext
                – Root WebApplicationContext: initialization completed in 1839 ms
2827 [restartedMain] INFO  com.zaxxer.hikari.HikariDataSource
                – HikariPool-1 - Starting...
3008 [restartedMain] INFO  com.zaxxer.hikari.pool.HikariPool
                – HikariPool-1 - Added connection org.postgresql.jdbc.PgConnection@8d957e1
3009 [restartedMain] INFO  com.zaxxer.hikari.HikariDataSource
                – HikariPool-1 - Start completed.
3058 [restartedMain] INFO  o.h.jpa.internal.util.LogHelper
                – HHH000204: Processing PersistenceUnitInfo [name: default]
3150 [restartedMain] INFO  org.hibernate.Version
                – HHH000412: Hibernate ORM core version 6.2.2.Final
3153 [restartedMain] INFO  org.hibernate.cfg.Environment
                – HHH000406: Using bytecode reflection optimizer
3343 [restartedMain] INFO  o.h.b.i.BytecodeProviderInitiator
                – HHH000021: Bytecode provider name : bytebuddy
3510 [restartedMain] INFO  o.s.o.j.p.SpringPersistenceUnitInfo
                – No LoadTimeWeaver setup: ignoring JPA class transformer
3596 [restartedMain] INFO  org.hibernate.orm.dialect
                – HHH035001: Using dialect: org.hibernate.dialect.PostgreSQLDialect, version: org.hibernate.engine.jdbc.env.internal.JdbcEnvironmentInitiator$DialectResolutionInfoImpl@5c2d631a
3851 [restartedMain] INFO  o.h.b.i.BytecodeProviderInitiator
                – HHH000021: Bytecode provider name : bytebuddy
4617 [restartedMain] INFO  o.h.e.t.j.p.i.JtaPlatformInitiator
                – HHH000490: Using JtaPlatform implementation: [org.hibernate.engine.transaction.jta.platform.internal.NoJtaPlatform]
4620 [restartedMain] INFO  o.s.o.j.LocalContainerEntityManagerFactoryBean
                – Initialized JPA EntityManagerFactory for persistence unit 'default'
5165 [restartedMain] WARN  o.s.b.a.o.j.JpaBaseConfiguration$JpaWebConfiguration
                – spring.jpa.open-in-view is enabled by default. Therefore, database queries may be performed during view rendering. Explicitly configure spring.jpa.open-in-view to disable this warning
5451 [restartedMain] WARN  o.s.b.a.t.ThymeleafAutoConfiguration$DefaultTemplateResolverConfiguration
                – Cannot find template location: classpath:/static/ (please add some templates, check your Thymeleaf configuration, or set spring.thymeleaf.check-template-location=false)
5762 [restartedMain] INFO  o.s.b.d.a.OptionalLiveReloadServer
                – LiveReload server is running on port 35729
5770 [restartedMain] INFO  o.s.b.a.e.web.EndpointLinksResolver
                – Exposing 1 endpoint(s) beneath base path '/actuator'
5842 [restartedMain] INFO  o.a.coyote.http11.Http11NioProtocol
                – Starting ProtocolHandler ["http-nio-8080"]
5868 [restartedMain] INFO  o.s.b.w.e.tomcat.TomcatWebServer
                – Tomcat started on port(s): 8080 (http) with context path ''
5891 [restartedMain] INFO  c.example.java_18.Java18Application
                – Started Java18Application in 5.513 seconds (process running for 6.41)
6327 [RMI TCP Connection(4)-192.168.1.72] INFO  o.a.c.c.C.[Tomcat].[localhost].[/]
                – Initializing Spring DispatcherServlet 'dispatcherServlet'
6327 [RMI TCP Connection(4)-192.168.1.72] INFO  o.s.web.servlet.DispatcherServlet
                – Initializing Servlet 'dispatcherServlet'
6329 [RMI TCP Connection(4)-192.168.1.72] INFO  o.s.web.servlet.DispatcherServlet
                – Completed initialization in 2 ms
